<?xml version="1.0" encoding="UTF-8"?>
<!-- Generated by org.testng.reporters.JUnitReportReporter -->
<testsuite name="com.caad.test.AndroidContactsTest" tests="1" time="37.286" ignored="0" failures="0" timestamp="14 十一月 2017 12:34:56 GMT" skipped="0" hostname="IT-Yangwenjie" errors="0">
  <testcase name="addContact" time="37.286" classname="com.caad.test.AndroidContactsTest"/>
</testsuite> <!-- com.caad.test.AndroidContactsTest -->
